# JRE version: OpenJDK Runtime Environment (8.0_242-b01) (build 1.8.0_242-release-1644-b01)
# Java VM: OpenJDK 64-Bit Server VM (25.242-b01 mixed mode windows-amd64 compressed oops)
Heap:
 PSYoungGen      total 194560K, used 18428K [0x00000000e0000000, 0x00000000ecc00000, 0x0000000100000000)
  eden space 180224K, 2% used [0x00000000e0000000,0x00000000e0405ec0,0x00000000eb000000)
  from space 14336K, 99% used [0x00000000eb000000,0x00000000ebdf9180,0x00000000ebe00000)
  to   space 13312K, 0% used [0x00000000ebe80000,0x00000000ebe80000,0x00000000ecb80000)
 ParOldGen       total 85504K, used 23149K [0x00000000a0000000, 0x00000000a5380000, 0x00000000e0000000)
  object space 85504K, 27% used [0x00000000a0000000,0x00000000a169b4c8,0x00000000a5380000)
 Metaspace       used 48551K, capacity 50434K, committed 50728K, reserved 1093632K
  class space    used 6487K, capacity 6914K, committed 6952K, reserved 1048576K
GC Heap History (10 events):
Event: 3.204 GC heap before
{Heap before GC invocations=7 (full 1):
 PSYoungGen      total 124928K, used 7973K [0x00000000e0000000, 0x00000000e8600000, 0x0000000100000000)
  eden space 114176K, 0% used [0x00000000e0000000,0x00000000e0000000,0x00000000e6f80000)
  from space 10752K, 74% used [0x00000000e7a80000,0x00000000e82496b8,0x00000000e8500000)
  to   space 11264K, 0% used [0x00000000e6f80000,0x00000000e6f80000,0x00000000e7a80000)
 ParOldGen       total 76800K, used 8151K [0x00000000a0000000, 0x00000000a4b00000, 0x00000000e0000000)
  object space 76800K, 10% used [0x00000000a0000000,0x00000000a07f5e50,0x00000000a4b00000)
 Metaspace       used 20502K, capacity 21242K, committed 21296K, reserved 1067008K
  class space    used 2882K, capacity 3099K, committed 3120K, reserved 1048576K
Event: 3.237 GC heap after
Heap after GC invocations=7 (full 1):
 PSYoungGen      total 124928K, used 0K [0x00000000e0000000, 0x00000000e8600000, 0x0000000100000000)
  eden space 114176K, 0% used [0x00000000e0000000,0x00000000e0000000,0x00000000e6f80000)
  from space 10752K, 0% used [0x00000000e7a80000,0x00000000e7a80000,0x00000000e8500000)
  to   space 11264K, 0% used [0x00000000e6f80000,0x00000000e6f80000,0x00000000e7a80000)
 ParOldGen       total 54272K, used 9207K [0x00000000a0000000, 0x00000000a3500000, 0x00000000e0000000)
  object space 54272K, 16% used [0x00000000a0000000,0x00000000a08fdff0,0x00000000a3500000)
 Metaspace       used 20502K, capacity 21242K, committed 21296K, reserved 1067008K
  class space    used 2882K, capacity 3099K, committed 3120K, reserved 1048576K
}
Event: 4.485 GC heap before
{Heap before GC invocations=8 (full 1):
 PSYoungGen      total 124928K, used 114176K [0x00000000e0000000, 0x00000000e8600000, 0x0000000100000000)
  eden space 114176K, 100% used [0x00000000e0000000,0x00000000e6f80000,0x00000000e6f80000)
  from space 10752K, 0% used [0x00000000e7a80000,0x00000000e7a80000,0x00000000e8500000)
  to   space 11264K, 0% used [0x00000000e6f80000,0x00000000e6f80000,0x00000000e7a80000)
 ParOldGen       total 54272K, used 9207K [0x00000000a0000000, 0x00000000a3500000, 0x00000000e0000000)
  object space 54272K, 16% used [0x00000000a0000000,0x00000000a08fdff0,0x00000000a3500000)
 Metaspace       used 31493K, capacity 32376K, committed 32688K, reserved 1077248K
  class space    used 4249K, capacity 4497K, committed 4528K, reserved 1048576K
Event: 4.496 GC heap after
Heap after GC invocations=8 (full 1):
 PSYoungGen      total 125440K, used 11232K [0x00000000e0000000, 0x00000000ecb80000, 0x0000000100000000)
  eden space 114176K, 0% used [0x00000000e0000000,0x00000000e0000000,0x00000000e6f80000)
  from space 11264K, 99% used [0x00000000e6f80000,0x00000000e7a78258,0x00000000e7a80000)
  to   space 13312K, 0% used [0x00000000ebe80000,0x00000000ebe80000,0x00000000ecb80000)
 ParOldGen       total 54272K, used 9423K [0x00000000a0000000, 0x00000000a3500000, 0x00000000e0000000)
  object space 54272K, 17% used [0x00000000a0000000,0x00000000a0933e90,0x00000000a3500000)
 Metaspace       used 31493K, capacity 32376K, committed 32688K, reserved 1077248K
  class space    used 4249K, capacity 4497K, committed 4528K, reserved 1048576K
}
Event: 5.253 GC heap before
{Heap before GC invocations=9 (full 1):
 PSYoungGen      total 125440K, used 72278K [0x00000000e0000000, 0x00000000ecb80000, 0x0000000100000000)
  eden space 114176K, 53% used [0x00000000e0000000,0x00000000e3b9d758,0x00000000e6f80000)
  from space 11264K, 99% used [0x00000000e6f80000,0x00000000e7a78258,0x00000000e7a80000)
  to   space 13312K, 0% used [0x00000000ebe80000,0x00000000ebe80000,0x00000000ecb80000)
 ParOldGen       total 54272K, used 9423K [0x00000000a0000000, 0x00000000a3500000, 0x00000000e0000000)
  object space 54272K, 17% used [0x00000000a0000000,0x00000000a0933e90,0x00000000a3500000)
 Metaspace       used 34431K, capacity 35406K, committed 35496K, reserved 1079296K
  class space    used 4688K, capacity 4948K, committed 5032K, reserved 1048576K
Event: 5.261 GC heap after
Heap after GC invocations=9 (full 1):
 PSYoungGen      total 193536K, used 10598K [0x00000000e0000000, 0x00000000ecc00000, 0x0000000100000000)
  eden space 180224K, 0% used [0x00000000e0000000,0x00000000e0000000,0x00000000eb000000)
  from space 13312K, 79% used [0x00000000ebe80000,0x00000000ec8d99c8,0x00000000ecb80000)
  to   space 14336K, 0% used [0x00000000eb000000,0x00000000eb000000,0x00000000ebe00000)
 ParOldGen       total 54272K, used 9431K [0x00000000a0000000, 0x00000000a3500000, 0x00000000e0000000)
  object space 54272K, 17% used [0x00000000a0000000,0x00000000a0935e90,0x00000000a3500000)
 Metaspace       used 34431K, capacity 35406K, committed 35496K, reserved 1079296K
  class space    used 4688K, capacity 4948K, committed 5032K, reserved 1048576K
}
Event: 5.261 GC heap before
{Heap before GC invocations=10 (full 2):
 PSYoungGen      total 193536K, used 10598K [0x00000000e0000000, 0x00000000ecc00000, 0x0000000100000000)
  eden space 180224K, 0% used [0x00000000e0000000,0x00000000e0000000,0x00000000eb000000)
  from space 13312K, 79% used [0x00000000ebe80000,0x00000000ec8d99c8,0x00000000ecb80000)
  to   space 14336K, 0% used [0x00000000eb000000,0x00000000eb000000,0x00000000ebe00000)
 ParOldGen       total 54272K, used 9431K [0x00000000a0000000, 0x00000000a3500000, 0x00000000e0000000)
  object space 54272K, 17% used [0x00000000a0000000,0x00000000a0935e90,0x00000000a3500000)
 Metaspace       used 34431K, capacity 35406K, committed 35496K, reserved 1079296K
  class space    used 4688K, capacity 4948K, committed 5032K, reserved 1048576K
Event: 5.314 GC heap after
Heap after GC invocations=10 (full 2):
 PSYoungGen      total 193536K, used 0K [0x00000000e0000000, 0x00000000ecc00000, 0x0000000100000000)
  eden space 180224K, 0% used [0x00000000e0000000,0x00000000e0000000,0x00000000eb000000)
  from space 13312K, 0% used [0x00000000ebe80000,0x00000000ebe80000,0x00000000ecb80000)
  to   space 14336K, 0% used [0x00000000eb000000,0x00000000eb000000,0x00000000ebe00000)
 ParOldGen       total 85504K, used 17639K [0x00000000a0000000, 0x00000000a5380000, 0x00000000e0000000)
  object space 85504K, 20% used [0x00000000a0000000,0x00000000a1139c28,0x00000000a5380000)
 Metaspace       used 34431K, capacity 35406K, committed 35496K, reserved 1079296K
  class space    used 4688K, capacity 4948K, committed 5032K, reserved 1048576K
}
Event: 7.828 GC heap before
{Heap before GC invocations=11 (full 2):
 PSYoungGen      total 193536K, used 180111K [0x00000000e0000000, 0x00000000ecc00000, 0x0000000100000000)
  eden space 180224K, 99% used [0x00000000e0000000,0x00000000eafe3d48,0x00000000eb000000)
  from space 13312K, 0% used [0x00000000ebe80000,0x00000000ebe80000,0x00000000ecb80000)
  to   space 14336K, 0% used [0x00000000eb000000,0x00000000eb000000,0x00000000ebe00000)
 ParOldGen       total 85504K, used 17639K [0x00000000a0000000, 0x00000000a5380000, 0x00000000e0000000)
  object space 85504K, 20% used [0x00000000a0000000,0x00000000a1139c28,0x00000000a5380000)
 Metaspace       used 48551K, capacity 50434K, committed 50728K, reserved 1093632K
  class space    used 6487K, capacity 6914K, committed 6952K, reserved 1048576K
Event: 7.851 GC heap after
Heap after GC invocations=11 (full 2):
 PSYoungGen      total 194560K, used 14308K [0x00000000e0000000, 0x00000000ecc00000, 0x0000000100000000)
  eden space 180224K, 0% used [0x00000000e0000000,0x00000000e0000000,0x00000000eb000000)
  from space 14336K, 99% used [0x00000000eb000000,0x00000000ebdf9180,0x00000000ebe00000)
  to   space 13312K, 0% used [0x00000000ebe80000,0x00000000ebe80000,0x00000000ecb80000)
 ParOldGen       total 85504K, used 23149K [0x00000000a0000000, 0x00000000a5380000, 0x00000000e0000000)
  object space 85504K, 27% used [0x00000000a0000000,0x00000000a169b4c8,0x00000000a5380000)
 Metaspace       used 48551K, capacity 50434K, committed 50728K, reserved 1093632K
  class space    used 6487K, capacity 6914K, committed 6952K, reserved 1048576K
}

