# JRE version: OpenJDK Runtime Environment (8.0_242-b01) (build 1.8.0_242-release-1644-b01)
# Java VM: OpenJDK 64-Bit Server VM (25.242-b01 mixed mode windows-amd64 compressed oops)
Heap:
 PSYoungGen      total 125440K, used 95145K [0x00000000e0000000, 0x00000000e8700000, 0x0000000100000000)
  eden space 114176K, 83% used [0x00000000e0000000,0x00000000e5cea4c0,0x00000000e6f80000)
  from space 11264K, 0% used [0x00000000e7b00000,0x00000000e7b00000,0x00000000e8600000)
  to   space 11776K, 0% used [0x00000000e6f80000,0x00000000e6f80000,0x00000000e7b00000)
 ParOldGen       total 56320K, used 9290K [0x00000000a0000000, 0x00000000a3700000, 0x00000000e0000000)
  object space 56320K, 16% used [0x00000000a0000000,0x00000000a0912a20,0x00000000a3700000)
 Metaspace       used 30057K, capacity 30728K, committed 31104K, reserved 1075200K
  class space    used 4143K, capacity 4363K, committed 4480K, reserved 1048576K
GC Heap History (10 events):
Event: 1.291 GC heap before
{Heap before GC invocations=3 (full 0):
 PSYoungGen      total 33280K, used 31420K [0x00000000e0000000, 0x00000000e2500000, 0x0000000100000000)
  eden space 28672K, 100% used [0x00000000e0000000,0x00000000e1c00000,0x00000000e1c00000)
  from space 4608K, 59% used [0x00000000e2080000,0x00000000e232f1a0,0x00000000e2500000)
  to   space 4608K, 0% used [0x00000000e1c00000,0x00000000e1c00000,0x00000000e2080000)
 ParOldGen       total 76800K, used 16K [0x00000000a0000000, 0x00000000a4b00000, 0x00000000e0000000)
  object space 76800K, 0% used [0x00000000a0000000,0x00000000a0004000,0x00000000a4b00000)
 Metaspace       used 8943K, capacity 9222K, committed 9472K, reserved 1056768K
  class space    used 1147K, capacity 1209K, committed 1280K, reserved 1048576K
Event: 1.299 GC heap after
Heap after GC invocations=3 (full 0):
 PSYoungGen      total 33280K, used 4505K [0x00000000e0000000, 0x00000000e4100000, 0x0000000100000000)
  eden space 28672K, 0% used [0x00000000e0000000,0x00000000e0000000,0x00000000e1c00000)
  from space 4608K, 97% used [0x00000000e1c00000,0x00000000e2066440,0x00000000e2080000)
  to   space 4608K, 0% used [0x00000000e3c80000,0x00000000e3c80000,0x00000000e4100000)
 ParOldGen       total 76800K, used 24K [0x00000000a0000000, 0x00000000a4b00000, 0x00000000e0000000)
  object space 76800K, 0% used [0x00000000a0000000,0x00000000a0006000,0x00000000a4b00000)
 Metaspace       used 8943K, capacity 9222K, committed 9472K, reserved 1056768K
  class space    used 1147K, capacity 1209K, committed 1280K, reserved 1048576K
}
Event: 2.188 GC heap before
{Heap before GC invocations=4 (full 0):
 PSYoungGen      total 33280K, used 33177K [0x00000000e0000000, 0x00000000e4100000, 0x0000000100000000)
  eden space 28672K, 100% used [0x00000000e0000000,0x00000000e1c00000,0x00000000e1c00000)
  from space 4608K, 97% used [0x00000000e1c00000,0x00000000e2066440,0x00000000e2080000)
  to   space 4608K, 0% used [0x00000000e3c80000,0x00000000e3c80000,0x00000000e4100000)
 ParOldGen       total 76800K, used 24K [0x00000000a0000000, 0x00000000a4b00000, 0x00000000e0000000)
  object space 76800K, 0% used [0x00000000a0000000,0x00000000a0006000,0x00000000a4b00000)
 Metaspace       used 12814K, capacity 13284K, committed 13440K, reserved 1060864K
  class space    used 1744K, capacity 1874K, committed 1920K, reserved 1048576K
Event: 2.195 GC heap after
Heap after GC invocations=4 (full 0):
 PSYoungGen      total 61952K, used 4576K [0x00000000e0000000, 0x00000000e4100000, 0x0000000100000000)
  eden space 57344K, 0% used [0x00000000e0000000,0x00000000e0000000,0x00000000e3800000)
  from space 4608K, 99% used [0x00000000e3c80000,0x00000000e40f8040,0x00000000e4100000)
  to   space 4608K, 0% used [0x00000000e3800000,0x00000000e3800000,0x00000000e3c80000)
 ParOldGen       total 76800K, used 1954K [0x00000000a0000000, 0x00000000a4b00000, 0x00000000e0000000)
  object space 76800K, 2% used [0x00000000a0000000,0x00000000a01e8810,0x00000000a4b00000)
 Metaspace       used 12814K, capacity 13284K, committed 13440K, reserved 1060864K
  class space    used 1744K, capacity 1874K, committed 1920K, reserved 1048576K
}
Event: 2.917 GC heap before
{Heap before GC invocations=5 (full 0):
 PSYoungGen      total 61952K, used 61920K [0x00000000e0000000, 0x00000000e4100000, 0x0000000100000000)
  eden space 57344K, 100% used [0x00000000e0000000,0x00000000e3800000,0x00000000e3800000)
  from space 4608K, 99% used [0x00000000e3c80000,0x00000000e40f8040,0x00000000e4100000)
  to   space 4608K, 0% used [0x00000000e3800000,0x00000000e3800000,0x00000000e3c80000)
 ParOldGen       total 76800K, used 1954K [0x00000000a0000000, 0x00000000a4b00000, 0x00000000e0000000)
  object space 76800K, 2% used [0x00000000a0000000,0x00000000a01e8810,0x00000000a4b00000)
 Metaspace       used 17762K, capacity 18232K, committed 18432K, reserved 1064960K
  class space    used 2546K, capacity 2698K, committed 2816K, reserved 1048576K
Event: 2.927 GC heap after
Heap after GC invocations=5 (full 0):
 PSYoungGen      total 61952K, used 4592K [0x00000000e0000000, 0x00000000e8600000, 0x0000000100000000)
  eden space 57344K, 0% used [0x00000000e0000000,0x00000000e0000000,0x00000000e3800000)
  from space 4608K, 99% used [0x00000000e3800000,0x00000000e3c7c010,0x00000000e3c80000)
  to   space 11264K, 0% used [0x00000000e7b00000,0x00000000e7b00000,0x00000000e8600000)
 ParOldGen       total 76800K, used 8172K [0x00000000a0000000, 0x00000000a4b00000, 0x00000000e0000000)
  object space 76800K, 10% used [0x00000000a0000000,0x00000000a07fb1a0,0x00000000a4b00000)
 Metaspace       used 17762K, capacity 18232K, committed 18432K, reserved 1064960K
  class space    used 2546K, capacity 2698K, committed 2816K, reserved 1048576K
}
Event: 3.699 GC heap before
{Heap before GC invocations=6 (full 0):
 PSYoungGen      total 61952K, used 35626K [0x00000000e0000000, 0x00000000e8600000, 0x0000000100000000)
  eden space 57344K, 54% used [0x00000000e0000000,0x00000000e1e4e920,0x00000000e3800000)
  from space 4608K, 99% used [0x00000000e3800000,0x00000000e3c7c010,0x00000000e3c80000)
  to   space 11264K, 0% used [0x00000000e7b00000,0x00000000e7b00000,0x00000000e8600000)
 ParOldGen       total 76800K, used 8172K [0x00000000a0000000, 0x00000000a4b00000, 0x00000000e0000000)
  object space 76800K, 10% used [0x00000000a0000000,0x00000000a07fb1a0,0x00000000a4b00000)
 Metaspace       used 20665K, capacity 21272K, committed 21296K, reserved 1067008K
  class space    used 2987K, capacity 3179K, committed 3200K, reserved 1048576K
Event: 3.706 GC heap after
Heap after GC invocations=6 (full 0):
 PSYoungGen      total 125440K, used 8053K [0x00000000e0000000, 0x00000000e8700000, 0x0000000100000000)
  eden space 114176K, 0% used [0x00000000e0000000,0x00000000e0000000,0x00000000e6f80000)
  from space 11264K, 71% used [0x00000000e7b00000,0x00000000e82dd438,0x00000000e8600000)
  to   space 11776K, 0% used [0x00000000e6f80000,0x00000000e6f80000,0x00000000e7b00000)
 ParOldGen       total 76800K, used 8180K [0x00000000a0000000, 0x00000000a4b00000, 0x00000000e0000000)
  object space 76800K, 10% used [0x00000000a0000000,0x00000000a07fd1a0,0x00000000a4b00000)
 Metaspace       used 20665K, capacity 21272K, committed 21296K, reserved 1067008K
  class space    used 2987K, capacity 3179K, committed 3200K, reserved 1048576K
}
Event: 3.706 GC heap before
{Heap before GC invocations=7 (full 1):
 PSYoungGen      total 125440K, used 8053K [0x00000000e0000000, 0x00000000e8700000, 0x0000000100000000)
  eden space 114176K, 0% used [0x00000000e0000000,0x00000000e0000000,0x00000000e6f80000)
  from space 11264K, 71% used [0x00000000e7b00000,0x00000000e82dd438,0x00000000e8600000)
  to   space 11776K, 0% used [0x00000000e6f80000,0x00000000e6f80000,0x00000000e7b00000)
 ParOldGen       total 76800K, used 8180K [0x00000000a0000000, 0x00000000a4b00000, 0x00000000e0000000)
  object space 76800K, 10% used [0x00000000a0000000,0x00000000a07fd1a0,0x00000000a4b00000)
 Metaspace       used 20665K, capacity 21272K, committed 21296K, reserved 1067008K
  class space    used 2987K, capacity 3179K, committed 3200K, reserved 1048576K
Event: 3.739 GC heap after
Heap after GC invocations=7 (full 1):
 PSYoungGen      total 125440K, used 0K [0x00000000e0000000, 0x00000000e8700000, 0x0000000100000000)
  eden space 114176K, 0% used [0x00000000e0000000,0x00000000e0000000,0x00000000e6f80000)
  from space 11264K, 0% used [0x00000000e7b00000,0x00000000e7b00000,0x00000000e8600000)
  to   space 11776K, 0% used [0x00000000e6f80000,0x00000000e6f80000,0x00000000e7b00000)
 ParOldGen       total 56320K, used 9290K [0x00000000a0000000, 0x00000000a3700000, 0x00000000e0000000)
  object space 56320K, 16% used [0x00000000a0000000,0x00000000a0912a20,0x00000000a3700000)
 Metaspace       used 20665K, capacity 21272K, committed 21296K, reserved 1067008K
  class space    used 2987K, capacity 3179K, committed 3200K, reserved 1048576K
}

